e:\coding\mgl\vcproj\p1\debug\vc141.pdb
e:\coding\mgl\vcproj\p1\debug\vc141.idb
e:\coding\mgl\vcproj\p1\debug\testcase1.obj
e:\coding\mgl\vcproj\p1\debug\shader.obj
e:\coding\mgl\vcproj\p1\debug\main.obj
e:\coding\mgl\vcproj\p1\debug\winform.obj
e:\coding\mgl\vcproj\p1\debug\objloader.obj
e:\coding\mgl\vcproj\p1\debug\control.obj
e:\coding\mgl\vcproj\p1\debug\bmploader.obj
e:\coding\mgl\vcproj\p1\debug\vertexobject.obj
e:\coding\mgl\vcproj\p1\debug\camera.obj
e:\coding\mgl\vcproj\p1\debug\cube.obj
e:\coding\mgl\vcproj\p1\debug\drawable.obj
e:\coding\mgl\vcproj\p1\debug\basecomponent.obj
e:\coding\mgl\vcproj\p1\debug\modelcomponent.obj
e:\coding\mgl\vcproj\p1\debug\basesystem.obj
e:\coding\mgl\vcproj\p1\debug\drawmodelsystem.obj
e:\coding\mgl\vcproj\p1\debug\gameworld.obj
e:\coding\mgl\vcproj\p1\debug\objectmanager.obj
e:\coding\mgl\vcproj\p1\debug\retrogame.obj
e:\coding\mgl\vcproj\p1\debug\gameobject.obj
e:\coding\mgl\vcproj\p1\debug\cjson.pdb
e:\coding\mgl\vcproj\p1\debug\glm.pdb
e:\coding\mgl\vcproj\p1\debug\p1.pdb
e:\coding\mgl\vcproj\p1\debug\p1.tlog\cl.command.1.tlog
e:\coding\mgl\vcproj\p1\debug\p1.tlog\cl.read.1.tlog
e:\coding\mgl\vcproj\p1\debug\p1.tlog\cl.write.1.tlog
e:\coding\mgl\vcproj\p1\debug\p1.tlog\link-cvtres.read.1.tlog
e:\coding\mgl\vcproj\p1\debug\p1.tlog\link-cvtres.write.1.tlog
e:\coding\mgl\vcproj\p1\debug\p1.tlog\link-rc.read.1.tlog
e:\coding\mgl\vcproj\p1\debug\p1.tlog\link-rc.write.1.tlog
e:\coding\mgl\vcproj\p1\debug\p1.tlog\link.command.1.tlog
e:\coding\mgl\vcproj\p1\debug\p1.tlog\link.read.1.tlog
e:\coding\mgl\vcproj\p1\debug\p1.tlog\link.write.1.tlog
